\BOOKMARK [1][-]{section.1}{\376\377\000P\000r\000o\000b\000l\000e\000m\000\040\000\046\000\040\000F\000i\000r\000s\000t\000\040\000P\000r\000i\000n\000c\000i\000p\000l\000e\000s}{}% 1
\BOOKMARK [2][-]{subsection.1.1}{\376\377\000T\000h\000e\000\040\000C\000o\000r\000e\000\040\000P\000r\000o\000b\000l\000e\000m}{section.1}% 2
\BOOKMARK [2][-]{subsection.1.2}{\376\377\000W\000h\000y\000\040\000T\000h\000i\000s\000\040\000P\000r\000o\000b\000l\000e\000m\000\040\000I\000s\000\040\000H\000a\000r\000d}{section.1}% 3
\BOOKMARK [2][-]{subsection.1.3}{\376\377\000W\000h\000a\000t\000\040\000T\000h\000i\000s\000\040\000I\000s\000\040\000\050\000a\000n\000d\000\040\000I\000s\000\040\000N\000o\000t\000\051\000\040\000i\000n\000\040\000M\000L\000\040\000T\000e\000r\000m\000s}{section.1}% 4
\BOOKMARK [2][-]{subsection.1.4}{\376\377\000F\000o\000u\000n\000d\000a\000t\000i\000o\000n\000a\000l\000\040\000C\000o\000n\000c\000e\000p\000t\000s}{section.1}% 5
\BOOKMARK [1][-]{section.2}{\376\377\000S\000y\000s\000t\000e\000m\000\040\000O\000v\000e\000r\000v\000i\000e\000w\000\040\000\046\000\040\000A\000r\000c\000h\000i\000t\000e\000c\000t\000u\000r\000e}{}% 6
\BOOKMARK [2][-]{subsection.2.1}{\376\377\000T\000h\000e\000\040\000B\000i\000g\000\040\000P\000i\000c\000t\000u\000r\000e}{section.2}% 7
\BOOKMARK [2][-]{subsection.2.2}{\376\377\000A\000r\000c\000h\000i\000t\000e\000c\000t\000u\000r\000e\000\040\000D\000i\000a\000g\000r\000a\000m}{section.2}% 8
\BOOKMARK [2][-]{subsection.2.3}{\376\377\000L\000a\000t\000e\000n\000c\000y\000\040\000A\000n\000a\000l\000y\000s\000i\000s}{section.2}% 9
\BOOKMARK [2][-]{subsection.2.4}{\376\377\000M\000e\000n\000t\000a\000l\000\040\000M\000o\000d\000e\000l}{section.2}% 10
\BOOKMARK [1][-]{section.3}{\376\377\000C\000o\000r\000e\000\040\000D\000e\000s\000i\000g\000n\000\040\000P\000r\000i\000n\000c\000i\000p\000l\000e\000s\000\040\000\046\000\040\000E\000n\000g\000i\000n\000e\000e\000r\000i\000n\000g\000\040\000R\000i\000g\000o\000u\000r}{}% 11
\BOOKMARK [2][-]{subsection.3.1}{\376\377\000T\000h\000e\000\040\000F\000i\000v\000e\000\040\000K\000e\000y\000\040\000D\000e\000s\000i\000g\000n\000\040\000D\000e\000c\000i\000s\000i\000o\000n\000s}{section.3}% 12
\BOOKMARK [3][-]{subsubsection.3.1.1}{\376\377\0001\000.\000\040\000M\000u\000l\000t\000i\000-\000A\000g\000e\000n\000t\000\040\000S\000e\000q\000u\000e\000n\000t\000i\000a\000l\000\040\000P\000i\000p\000e\000l\000i\000n\000e\000\040\000\050\000S\000e\000p\000a\000r\000a\000t\000i\000o\000n\000\040\000o\000f\000\040\000C\000o\000n\000c\000e\000r\000n\000s\000\051}{subsection.3.1}% 13
\BOOKMARK [3][-]{subsubsection.3.1.2}{\376\377\0002\000.\000\040\000L\000L\000M\000\040\000W\000i\000t\000h\000\040\000D\000e\000t\000e\000r\000m\000i\000n\000i\000s\000t\000i\000c\000\040\000F\000a\000l\000l\000b\000a\000c\000k\000\040\040\024\000\040\000D\000e\000f\000e\000n\000c\000e\000\040\000i\000n\000\040\000D\000e\000p\000t\000h}{subsection.3.1}% 14
\BOOKMARK [3][-]{subsubsection.3.1.3}{\376\377\0003\000.\000\040\000P\000r\000e\000v\000i\000e\000w\000\040\000B\000e\000f\000o\000r\000e\000\040\000A\000p\000p\000l\000y\000\040\000\050\000T\000w\000o\000-\000P\000h\000a\000s\000e\000\040\000C\000o\000m\000m\000i\000t\000\051}{subsection.3.1}% 15
\BOOKMARK [3][-]{subsubsection.3.1.4}{\376\377\0004\000.\000\040\000D\000e\000p\000e\000n\000d\000e\000n\000c\000y\000\040\000I\000n\000j\000e\000c\000t\000i\000o\000n\000\040\000O\000v\000e\000r\000\040\000G\000l\000o\000b\000a\000l\000\040\000S\000t\000a\000t\000e}{subsection.3.1}% 16
\BOOKMARK [3][-]{subsubsection.3.1.5}{\376\377\0005\000.\000\040\000A\000b\000s\000t\000r\000a\000c\000t\000\040\000P\000r\000o\000v\000i\000d\000e\000r\000\040\000I\000n\000t\000e\000r\000f\000a\000c\000e\000\040\000\050\000O\000p\000e\000n\000/\000C\000l\000o\000s\000e\000d\000\040\000P\000r\000i\000n\000c\000i\000p\000l\000e\000\051}{subsection.3.1}% 17
\BOOKMARK [2][-]{subsection.3.2}{\376\377\000D\000e\000s\000i\000g\000n\000\040\000P\000a\000t\000t\000e\000r\000n\000s\000\040\000R\000e\000f\000e\000r\000e\000n\000c\000e}{section.3}% 18
\BOOKMARK [2][-]{subsection.3.3}{\376\377\000E\000x\000p\000l\000i\000c\000i\000t\000\040\000T\000r\000a\000d\000e\000-\000O\000f\000f\000\040\000A\000n\000a\000l\000y\000s\000i\000s}{section.3}% 19
\BOOKMARK [1][-]{section.4}{\376\377\000M\000L\000/\000A\000I\000\040\000P\000r\000i\000n\000c\000i\000p\000l\000e\000s}{}% 20
\BOOKMARK [2][-]{subsection.4.1}{\376\377\000M\000o\000d\000e\000l\000\040\000C\000h\000o\000i\000c\000e\000\040\000\046\000\040\000W\000h\000y\000\040\000I\000t\000\040\000M\000a\000t\000t\000e\000r\000s}{section.4}% 21
\BOOKMARK [2][-]{subsection.4.2}{\376\377\000P\000r\000o\000m\000p\000t\000\040\000E\000n\000g\000i\000n\000e\000e\000r\000i\000n\000g\000:\000\040\000W\000h\000y\000\040\000E\000a\000c\000h\000\040\000P\000r\000o\000m\000p\000t\000\040\000I\000s\000\040\000D\000e\000s\000i\000g\000n\000e\000d\000\040\000T\000h\000i\000s\000\040\000W\000a\000y}{section.4}% 22
\BOOKMARK [3][-]{subsubsection.4.2.1}{\376\377\000P\000l\000a\000n\000n\000e\000r\000A\000g\000e\000n\000t\000:\000\040\000Z\000e\000r\000o\000-\000S\000h\000o\000t\000\040\000I\000n\000t\000e\000n\000t\000\040\000C\000l\000a\000s\000s\000i\000f\000i\000c\000a\000t\000i\000o\000n}{subsection.4.2}% 23
\BOOKMARK [3][-]{subsubsection.4.2.2}{\376\377\000P\000a\000r\000s\000e\000r\000A\000g\000e\000n\000t\000:\000\040\000F\000e\000w\000-\000S\000h\000o\000t\000\040\000N\000E\000R\000\040\000v\000i\000a\000\040\000S\000c\000h\000e\000m\000a\000\040\000I\000n\000j\000e\000c\000t\000i\000o\000n}{subsection.4.2}% 24
\BOOKMARK [3][-]{subsubsection.4.2.3}{\376\377\000M\000o\000d\000e\000l\000\040\000T\000e\000m\000p\000e\000r\000a\000t\000u\000r\000e\000\040\000\046\000\040\000D\000e\000t\000e\000r\000m\000i\000n\000i\000s\000m}{subsection.4.2}% 25
\BOOKMARK [2][-]{subsection.4.3}{\376\377\000W\000h\000e\000n\000\040\000t\000h\000e\000\040\000H\000e\000u\000r\000i\000s\000t\000i\000c\000\040\000O\000u\000t\000p\000e\000r\000f\000o\000r\000m\000s\000\040\000t\000h\000e\000\040\000L\000L\000M}{section.4}% 26
\BOOKMARK [2][-]{subsection.4.4}{\376\377\000B\000i\000a\000s\000\040\000\046\000\040\000R\000e\000l\000i\000a\000b\000i\000l\000i\000t\000y\000\040\000C\000o\000n\000s\000i\000d\000e\000r\000a\000t\000i\000o\000n\000s}{section.4}% 27
\BOOKMARK [2][-]{subsection.4.5}{\376\377\000E\000v\000a\000l\000u\000a\000t\000i\000o\000n\000\040\000S\000t\000r\000a\000t\000e\000g\000y\000:\000\040\000W\000h\000a\000t\000\040\000I\000s\000\040\000M\000i\000s\000s\000i\000n\000g}{section.4}% 28
\BOOKMARK [1][-]{section.5}{\376\377\000S\000t\000r\000u\000c\000t\000u\000r\000a\000l\000\040\000B\000r\000e\000a\000k\000d\000o\000w\000n}{}% 29
\BOOKMARK [2][-]{subsection.5.1}{\376\377\000D\000i\000r\000e\000c\000t\000o\000r\000y\000\040\000M\000a\000p\000\040\000a\000n\000d\000\040\000M\000o\000d\000u\000l\000e\000\040\000R\000o\000l\000e\000s}{section.5}% 30
\BOOKMARK [2][-]{subsection.5.2}{\376\377\000D\000a\000t\000a\000\040\000M\000o\000d\000e\000l\000s\000:\000\040\000T\000h\000e\000\040\000P\000i\000p\000e\000l\000i\000n\000e\000'\000s\000\040\000T\000y\000p\000e\000\040\000C\000o\000n\000t\000r\000a\000c\000t\000s}{section.5}% 31
\BOOKMARK [1][-]{section.6}{\376\377\000C\000o\000n\000d\000i\000t\000i\000o\000n\000a\000l\000\040\000K\000n\000o\000w\000l\000e\000d\000g\000e\000\040\040\024\000\040\000W\000h\000e\000n\000\040\000\046\000\040\000W\000h\000y}{}% 32
\BOOKMARK [2][-]{subsection.6.1}{\376\377\000W\000h\000e\000n\000\040\000I\000s\000\040\000E\000a\000c\000h\000\040\000I\000n\000t\000e\000n\000t\000\040\000U\000s\000e\000d\000?}{section.6}% 33
\BOOKMARK [2][-]{subsection.6.2}{\376\377\000F\000a\000i\000l\000u\000r\000e\000\040\000M\000o\000d\000e\000\040\000T\000a\000x\000o\000n\000o\000m\000y}{section.6}% 34
\BOOKMARK [2][-]{subsection.6.3}{\376\377\000W\000h\000e\000n\000\040\000W\000o\000u\000l\000d\000\040\000Y\000o\000u\000\040\000R\000e\000d\000e\000s\000i\000g\000n\000\040\000P\000a\000r\000t\000s\000\040\000o\000f\000\040\000T\000h\000i\000s\000\040\000S\000y\000s\000t\000e\000m\000?}{section.6}% 35
\BOOKMARK [2][-]{subsection.6.4}{\376\377\000T\000h\000e\000\040\000L\000i\000m\000i\000t\000s\000\040\000o\000f\000\040\000T\000h\000i\000s\000\040\000A\000p\000p\000r\000o\000a\000c\000h}{section.6}% 36
\BOOKMARK [1][-]{section.7}{\376\377\000P\000r\000o\000c\000e\000d\000u\000r\000a\000l\000\040\000K\000n\000o\000w\000l\000e\000d\000g\000e\000\040\040\024\000\040\000H\000o\000w\000\040\000t\000o\000\040\000O\000p\000e\000r\000a\000t\000e}{}% 37
\BOOKMARK [2][-]{subsection.7.1}{\376\377\000H\000o\000w\000\040\000t\000o\000\040\000R\000u\000n\000\040\000t\000h\000e\000\040\000P\000r\000o\000j\000e\000c\000t}{section.7}% 38
\BOOKMARK [2][-]{subsection.7.2}{\376\377\000H\000o\000w\000\040\000t\000o\000\040\000T\000r\000a\000c\000e\000\040\000E\000x\000e\000c\000u\000t\000i\000o\000n\000\040\000F\000l\000o\000w}{section.7}% 39
\BOOKMARK [2][-]{subsection.7.3}{\376\377\000H\000o\000w\000\040\000t\000o\000\040\000D\000e\000b\000u\000g\000\040\000U\000n\000d\000e\000r\000\040\000R\000e\000a\000l\000-\000W\000o\000r\000l\000d\000\040\000C\000o\000n\000d\000i\000t\000i\000o\000n\000s}{section.7}% 40
\BOOKMARK [2][-]{subsection.7.4}{\376\377\000H\000o\000w\000\040\000t\000o\000\040\000S\000c\000a\000l\000e\000\040\000T\000h\000i\000s\000\040\000S\000y\000s\000t\000e\000m\000\040\000S\000t\000e\000p\000-\000b\000y\000-\000S\000t\000e\000p}{section.7}% 41
\BOOKMARK [2][-]{subsection.7.5}{\376\377\000H\000o\000w\000\040\000t\000o\000\040\000S\000a\000f\000e\000l\000y\000\040\000E\000x\000t\000e\000n\000d\000\040\000t\000h\000e\000\040\000S\000y\000s\000t\000e\000m}{section.7}% 42
\BOOKMARK [1][-]{section.8}{\376\377\000E\000x\000e\000c\000u\000t\000i\000o\000n\000\040\000F\000l\000o\000w\000\040\040\024\000\040\000E\000n\000d\000\040\000t\000o\000\040\000E\000n\000d}{}% 43
\BOOKMARK [1][-]{section.9}{\376\377\000C\000r\000i\000t\000i\000c\000a\000l\000\040\000E\000v\000a\000l\000u\000a\000t\000i\000o\000n}{}% 44
\BOOKMARK [2][-]{subsection.9.1}{\376\377\000W\000h\000a\000t\000\040\000I\000s\000\040\000S\000u\000b\000o\000p\000t\000i\000m\000a\000l\000\040\000o\000r\000\040\000F\000r\000a\000g\000i\000l\000e}{section.9}% 45
\BOOKMARK [2][-]{subsection.9.2}{\376\377\000W\000h\000a\000t\000\040\000W\000o\000u\000l\000d\000\040\000Y\000o\000u\000\040\000I\000m\000p\000r\000o\000v\000e\000\040\000F\000i\000r\000s\000t\000\040\000a\000n\000d\000\040\000W\000h\000y}{section.9}% 46
\BOOKMARK [1][-]{section.10}{\376\377\000I\000n\000t\000e\000r\000v\000i\000e\000w\000-\000R\000e\000a\000d\000y\000\040\000F\000r\000a\000m\000i\000n\000g}{}% 47
\BOOKMARK [2][-]{subsection.10.1}{\376\377\000`\000`\000E\000x\000p\000l\000a\000i\000n\000\040\000L\000i\000k\000e\000\040\000I\000'\000m\000\040\000a\000\040\000R\000e\000c\000r\000u\000i\000t\000e\000r\000'\000'\000\040\000\050\0006\0000\000\040\000s\000e\000c\000o\000n\000d\000s\000\051}{section.10}% 48
\BOOKMARK [2][-]{subsection.10.2}{\376\377\000`\000`\000E\000x\000p\000l\000a\000i\000n\000\040\000L\000i\000k\000e\000\040\000I\000'\000m\000\040\000a\000\040\000S\000e\000n\000i\000o\000r\000\040\000E\000n\000g\000i\000n\000e\000e\000r\000'\000'\000\040\000\050\0002\000\040\000m\000i\000n\000u\000t\000e\000s\000\051}{section.10}% 49
\BOOKMARK [2][-]{subsection.10.3}{\376\377\000`\000`\000E\000x\000p\000l\000a\000i\000n\000\040\000T\000r\000a\000d\000e\000-\000o\000f\000f\000s\000\040\000i\000n\000\040\0006\0000\000\040\000S\000e\000c\000o\000n\000d\000s\000'\000'\000\040\000\050\000T\000e\000c\000h\000n\000i\000c\000a\000l\000\040\000I\000n\000t\000e\000r\000v\000i\000e\000w\000\051}{section.10}% 50
\BOOKMARK [1][-]{section.11}{\376\377\000T\000r\000a\000n\000s\000f\000e\000r\000a\000b\000l\000e\000\040\000K\000n\000o\000w\000l\000e\000d\000g\000e}{}% 51
\BOOKMARK [2][-]{subsection.11.1}{\376\377\000R\000e\000u\000s\000a\000b\000l\000e\000\040\000P\000r\000i\000n\000c\000i\000p\000l\000e\000s}{section.11}% 52
\BOOKMARK [2][-]{subsection.11.2}{\376\377\000R\000e\000u\000s\000a\000b\000l\000e\000\040\000P\000a\000t\000t\000e\000r\000n\000s}{section.11}% 53
\BOOKMARK [2][-]{subsection.11.3}{\376\377\000C\000o\000d\000e\000b\000a\000s\000e\000\040\000A\000n\000a\000l\000y\000s\000i\000s\000\040\000C\000h\000e\000c\000k\000l\000i\000s\000t}{section.11}% 54
\BOOKMARK [2][-]{subsection.11.4}{\376\377\000K\000e\000y\000\040\000H\000e\000u\000r\000i\000s\000t\000i\000c\000s}{section.11}% 55
